mode: atomic
github.com/handcoding-labs/redis-stream-client-go/notifs/broker.go:23.108,34.2 4 0
github.com/handcoding-labs/redis-stream-client-go/notifs/broker.go:36.36,39.6 2 0
github.com/handcoding-labs/redis-stream-client-go/notifs/broker.go:39.6,40.10 1 0
github.com/handcoding-labs/redis-stream-client-go/notifs/broker.go:41.17,43.8 1 0
github.com/handcoding-labs/redis-stream-client-go/notifs/broker.go:43.8,44.12 1 0
github.com/handcoding-labs/redis-stream-client-go/notifs/broker.go:45.29,46.12 1 0
github.com/handcoding-labs/redis-stream-client-go/notifs/broker.go:46.12,48.7 1 0
github.com/handcoding-labs/redis-stream-client-go/notifs/broker.go:49.13,51.12 2 0
github.com/handcoding-labs/redis-stream-client-go/notifs/broker.go:54.27,55.10 1 0
github.com/handcoding-labs/redis-stream-client-go/notifs/broker.go:55.10,57.5 1 0
github.com/handcoding-labs/redis-stream-client-go/notifs/broker.go:62.93,63.21 1 0
github.com/handcoding-labs/redis-stream-client-go/notifs/broker.go:63.21,65.3 1 0
github.com/handcoding-labs/redis-stream-client-go/notifs/broker.go:67.2,67.9 1 0
github.com/handcoding-labs/redis-stream-client-go/notifs/broker.go:68.20,69.15 1 0
github.com/handcoding-labs/redis-stream-client-go/notifs/broker.go:70.16,71.15 1 0
github.com/handcoding-labs/redis-stream-client-go/notifs/broker.go:72.20,73.14 1 0
github.com/handcoding-labs/redis-stream-client-go/notifs/broker.go:77.38,79.42 1 0
github.com/handcoding-labs/redis-stream-client-go/notifs/broker.go:79.42,81.3 1 0
github.com/handcoding-labs/redis-stream-client-go/notifs/broker.go:84.2,87.17 2 0
github.com/handcoding-labs/redis-stream-client-go/notifs/lbsmsg.go:16.41,18.2 1 0
github.com/handcoding-labs/redis-stream-client-go/notifs/lbsmsg.go:20.80,22.39 1 0
github.com/handcoding-labs/redis-stream-client-go/notifs/lbsmsg.go:22.39,25.3 1 0
github.com/handcoding-labs/redis-stream-client-go/notifs/lbsmsg.go:27.2,28.9 2 0
github.com/handcoding-labs/redis-stream-client-go/notifs/lbsmsg.go:28.9,31.3 1 0
github.com/handcoding-labs/redis-stream-client-go/notifs/lbsmsg.go:33.2,34.39 2 0
github.com/handcoding-labs/redis-stream-client-go/notifs/lbsmsg.go:34.39,36.3 1 0
github.com/handcoding-labs/redis-stream-client-go/notifs/lbsmsg.go:38.2,41.8 1 0
github.com/handcoding-labs/redis-stream-client-go/notifs/lbsmsg.go:44.76,45.51 1 0
github.com/handcoding-labs/redis-stream-client-go/notifs/lbsmsg.go:45.51,47.3 1 0
github.com/handcoding-labs/redis-stream-client-go/notifs/lbsmsg.go:49.2,52.8 1 0
github.com/handcoding-labs/redis-stream-client-go/notifs/relredisnotif.go:23.53,25.2 1 0
github.com/handcoding-labs/redis-stream-client-go/notifs/relredisnotif.go:33.116,39.2 1 0
github.com/handcoding-labs/redis-stream-client-go/notifs/relredisnotif.go:41.74,49.2 1 0
github.com/handcoding-labs/redis-stream-client-go/examples/load-balancing/main.go:21.13,23.50 1 0
github.com/handcoding-labs/redis-stream-client-go/examples/load-balancing/main.go:23.50,26.3 2 0
github.com/handcoding-labs/redis-stream-client-go/examples/load-balancing/main.go:29.2,29.15 1 0
github.com/handcoding-labs/redis-stream-client-go/examples/load-balancing/main.go:32.20,43.22 6 0
github.com/handcoding-labs/redis-stream-client-go/examples/load-balancing/main.go:43.22,46.3 2 0
github.com/handcoding-labs/redis-stream-client-go/examples/load-balancing/main.go:48.2,53.21 3 0
github.com/handcoding-labs/redis-stream-client-go/examples/load-balancing/main.go:53.21,55.3 1 0
github.com/handcoding-labs/redis-stream-client-go/examples/load-balancing/main.go:57.2,64.52 3 0
github.com/handcoding-labs/redis-stream-client-go/examples/load-balancing/main.go:64.52,67.3 2 0
github.com/handcoding-labs/redis-stream-client-go/examples/load-balancing/main.go:70.2,70.89 1 0
github.com/handcoding-labs/redis-stream-client-go/examples/load-balancing/main.go:70.89,73.3 2 0
github.com/handcoding-labs/redis-stream-client-go/examples/load-balancing/main.go:76.2,86.16 2 0
github.com/handcoding-labs/redis-stream-client-go/examples/load-balancing/main.go:86.16,88.3 1 0
github.com/handcoding-labs/redis-stream-client-go/examples/load-balancing/main.go:89.2,93.16 3 0
github.com/handcoding-labs/redis-stream-client-go/examples/load-balancing/main.go:93.16,96.3 2 0
github.com/handcoding-labs/redis-stream-client-go/examples/load-balancing/main.go:99.2,107.12 3 0
github.com/handcoding-labs/redis-stream-client-go/examples/load-balancing/main.go:107.12,108.40 1 0
github.com/handcoding-labs/redis-stream-client-go/examples/load-balancing/main.go:108.40,109.29 1 0
github.com/handcoding-labs/redis-stream-client-go/examples/load-balancing/main.go:110.28,112.85 2 0
github.com/handcoding-labs/redis-stream-client-go/examples/load-balancing/main.go:114.30,116.67 2 0
github.com/handcoding-labs/redis-stream-client-go/examples/load-balancing/main.go:116.67,118.6 1 0
github.com/handcoding-labs/redis-stream-client-go/examples/load-balancing/main.go:118.11,121.6 2 0
github.com/handcoding-labs/redis-stream-client-go/examples/load-balancing/main.go:123.31,124.97 1 0
github.com/handcoding-labs/redis-stream-client-go/examples/load-balancing/main.go:126.33,130.69 2 0
github.com/handcoding-labs/redis-stream-client-go/examples/load-balancing/main.go:130.69,132.6 1 0
github.com/handcoding-labs/redis-stream-client-go/examples/load-balancing/main.go:133.5,133.100 1 0
github.com/handcoding-labs/redis-stream-client-go/examples/load-balancing/main.go:136.3,136.70 1 0
github.com/handcoding-labs/redis-stream-client-go/examples/load-balancing/main.go:140.2,149.41 4 0
github.com/handcoding-labs/redis-stream-client-go/examples/load-balancing/main.go:149.41,151.3 1 0
github.com/handcoding-labs/redis-stream-client-go/examples/load-balancing/main.go:151.8,153.3 1 0
github.com/handcoding-labs/redis-stream-client-go/examples/load-balancing/main.go:156.20,164.21 4 0
github.com/handcoding-labs/redis-stream-client-go/examples/load-balancing/main.go:164.21,166.3 1 0
github.com/handcoding-labs/redis-stream-client-go/examples/load-balancing/main.go:168.2,175.52 3 0
github.com/handcoding-labs/redis-stream-client-go/examples/load-balancing/main.go:175.52,178.3 2 0
github.com/handcoding-labs/redis-stream-client-go/examples/load-balancing/main.go:181.2,182.6 2 0
github.com/handcoding-labs/redis-stream-client-go/examples/load-balancing/main.go:182.6,184.26 1 0
github.com/handcoding-labs/redis-stream-client-go/examples/load-balancing/main.go:184.26,198.18 3 0
github.com/handcoding-labs/redis-stream-client-go/examples/load-balancing/main.go:198.18,200.13 2 0
github.com/handcoding-labs/redis-stream-client-go/examples/load-balancing/main.go:203.4,210.27 2 0
github.com/handcoding-labs/redis-stream-client-go/examples/load-balancing/main.go:210.27,212.5 1 0
github.com/handcoding-labs/redis-stream-client-go/examples/load-balancing/main.go:212.10,214.5 1 0
github.com/handcoding-labs/redis-stream-client-go/examples/load-balancing/main.go:216.4,216.15 1 0
github.com/handcoding-labs/redis-stream-client-go/examples/load-balancing/main.go:220.3,220.30 1 0
github.com/handcoding-labs/redis-stream-client-go/examples/load-balancing/main.go:224.175,233.74 6 0
github.com/handcoding-labs/redis-stream-client-go/examples/load-balancing/main.go:233.74,234.19 1 0
github.com/handcoding-labs/redis-stream-client-go/examples/load-balancing/main.go:235.15,236.36 1 0
github.com/handcoding-labs/redis-stream-client-go/examples/load-balancing/main.go:237.14,238.36 1 0
github.com/handcoding-labs/redis-stream-client-go/examples/load-balancing/main.go:243.2,250.59 4 0
github.com/handcoding-labs/redis-stream-client-go/examples/load-balancing/main.go:250.59,252.3 1 0
github.com/handcoding-labs/redis-stream-client-go/examples/load-balancing/main.go:252.8,254.3 1 0
github.com/handcoding-labs/redis-stream-client-go/examples/load-balancing/main.go:257.146,267.59 5 0
github.com/handcoding-labs/redis-stream-client-go/examples/load-balancing/main.go:267.59,269.3 1 0
github.com/handcoding-labs/redis-stream-client-go/examples/load-balancing/main.go:269.8,271.3 1 0
github.com/handcoding-labs/redis-stream-client-go/examples/load-balancing/main.go:274.110,278.6 3 0
github.com/handcoding-labs/redis-stream-client-go/examples/load-balancing/main.go:278.6,279.10 1 0
github.com/handcoding-labs/redis-stream-client-go/examples/load-balancing/main.go:280.21,281.10 1 0
github.com/handcoding-labs/redis-stream-client-go/examples/load-balancing/main.go:282.19,288.61 4 0
github.com/handcoding-labs/redis-stream-client-go/examples/load-balancing/main.go:288.61,289.51 1 0
github.com/handcoding-labs/redis-stream-client-go/examples/load-balancing/main.go:289.51,290.52 1 0
github.com/handcoding-labs/redis-stream-client-go/examples/load-balancing/main.go:290.52,292.7 1 0
github.com/handcoding-labs/redis-stream-client-go/examples/load-balancing/main.go:294.5,294.16 1 0
github.com/handcoding-labs/redis-stream-client-go/examples/load-balancing/main.go:297.4,297.23 1 0
github.com/handcoding-labs/redis-stream-client-go/examples/load-balancing/main.go:297.23,299.5 1 0
github.com/handcoding-labs/redis-stream-client-go/impl/helpers.go:10.62,12.2 1 0
github.com/handcoding-labs/redis-stream-client-go/impl/helpers.go:14.57,16.2 1 0
github.com/handcoding-labs/redis-stream-client-go/impl/helpers.go:18.80,19.9 1 0
github.com/handcoding-labs/redis-stream-client-go/impl/helpers.go:20.20,21.14 1 0
github.com/handcoding-labs/redis-stream-client-go/impl/helpers.go:22.10,23.15 1 0
github.com/handcoding-labs/redis-stream-client-go/impl/helpers.go:27.56,30.25 1 0
github.com/handcoding-labs/redis-stream-client-go/impl/helpers.go:30.25,32.3 1 0
github.com/handcoding-labs/redis-stream-client-go/impl/helpers.go:35.2,41.41 3 0
github.com/handcoding-labs/redis-stream-client-go/impl/helpers.go:41.41,44.3 2 0
github.com/handcoding-labs/redis-stream-client-go/impl/helpers.go:46.2,46.12 1 0
github.com/handcoding-labs/redis-stream-client-go/impl/helpers.go:50.108,53.9 3 0
github.com/handcoding-labs/redis-stream-client-go/impl/helpers.go:53.9,56.3 2 0
github.com/handcoding-labs/redis-stream-client-go/impl/helpers.go:59.2,62.29 3 0
github.com/handcoding-labs/redis-stream-client-go/impl/helpers.go:65.91,69.2 3 0
github.com/handcoding-labs/redis-stream-client-go/impl/init.go:18.104,23.16 3 0
github.com/handcoding-labs/redis-stream-client-go/impl/init.go:23.16,25.3 1 0
github.com/handcoding-labs/redis-stream-client-go/impl/init.go:27.2,27.31 1 0
github.com/handcoding-labs/redis-stream-client-go/impl/init.go:27.31,28.17 1 0
github.com/handcoding-labs/redis-stream-client-go/impl/init.go:28.17,30.30 1 0
github.com/handcoding-labs/redis-stream-client-go/impl/init.go:30.30,32.5 1 0
github.com/handcoding-labs/redis-stream-client-go/impl/init.go:32.10,34.5 1 0
github.com/handcoding-labs/redis-stream-client-go/impl/init.go:38.2,39.22 2 0
github.com/handcoding-labs/redis-stream-client-go/impl/init.go:39.22,41.3 1 0
github.com/handcoding-labs/redis-stream-client-go/impl/init.go:43.2,43.12 1 0
github.com/handcoding-labs/redis-stream-client-go/impl/init.go:46.86,53.2 2 0
github.com/handcoding-labs/redis-stream-client-go/impl/init.go:59.85,65.39 3 0
github.com/handcoding-labs/redis-stream-client-go/impl/init.go:65.39,75.45 2 0
github.com/handcoding-labs/redis-stream-client-go/impl/init.go:75.45,78.4 2 0
github.com/handcoding-labs/redis-stream-client-go/impl/init.go:80.3,82.20 3 0
github.com/handcoding-labs/redis-stream-client-go/impl/init.go:85.2,85.30 1 0
github.com/handcoding-labs/redis-stream-client-go/impl/init.go:85.30,87.3 1 0
github.com/handcoding-labs/redis-stream-client-go/impl/init.go:87.8,89.3 1 0
github.com/handcoding-labs/redis-stream-client-go/impl/init.go:91.2,103.65 2 0
github.com/handcoding-labs/redis-stream-client-go/impl/init.go:103.65,106.3 2 0
github.com/handcoding-labs/redis-stream-client-go/impl/init.go:108.2,108.12 1 0
github.com/handcoding-labs/redis-stream-client-go/impl/init.go:111.75,115.6 3 0
github.com/handcoding-labs/redis-stream-client-go/impl/init.go:115.6,117.27 1 0
github.com/handcoding-labs/redis-stream-client-go/impl/init.go:117.27,120.4 2 0
github.com/handcoding-labs/redis-stream-client-go/impl/init.go:123.3,130.23 2 0
github.com/handcoding-labs/redis-stream-client-go/impl/init.go:130.23,131.46 1 0
github.com/handcoding-labs/redis-stream-client-go/impl/init.go:131.46,134.5 2 0
github.com/handcoding-labs/redis-stream-client-go/impl/init.go:136.4,142.61 3 0
github.com/handcoding-labs/redis-stream-client-go/impl/init.go:142.61,148.5 3 0
github.com/handcoding-labs/redis-stream-client-go/impl/init.go:151.4,151.11 1 0
github.com/handcoding-labs/redis-stream-client-go/impl/init.go:152.22,154.11 2 0
github.com/handcoding-labs/redis-stream-client-go/impl/init.go:155.41,158.44 2 0
github.com/handcoding-labs/redis-stream-client-go/impl/init.go:158.44,160.6 1 0
github.com/handcoding-labs/redis-stream-client-go/impl/init.go:163.4,163.12 1 0
github.com/handcoding-labs/redis-stream-client-go/impl/init.go:167.3,167.28 1 0
github.com/handcoding-labs/redis-stream-client-go/impl/init.go:167.28,172.4 3 0
github.com/handcoding-labs/redis-stream-client-go/impl/init.go:174.3,174.68 1 0
github.com/handcoding-labs/redis-stream-client-go/impl/init.go:174.68,178.4 3 0
github.com/handcoding-labs/redis-stream-client-go/impl/init.go:186.9,187.33 1 0
github.com/handcoding-labs/redis-stream-client-go/impl/init.go:187.33,188.43 1 0
github.com/handcoding-labs/redis-stream-client-go/impl/init.go:188.43,191.11 2 0
github.com/handcoding-labs/redis-stream-client-go/impl/init.go:191.11,193.5 1 0
github.com/handcoding-labs/redis-stream-client-go/impl/init.go:196.4,198.11 3 0
github.com/handcoding-labs/redis-stream-client-go/impl/init.go:198.11,200.5 1 0
github.com/handcoding-labs/redis-stream-client-go/impl/init.go:202.4,202.67 1 0
github.com/handcoding-labs/redis-stream-client-go/impl/init.go:202.67,204.5 1 0
github.com/handcoding-labs/redis-stream-client-go/impl/init.go:206.4,206.39 1 0
github.com/handcoding-labs/redis-stream-client-go/impl/init.go:206.39,208.5 1 0
github.com/handcoding-labs/redis-stream-client-go/impl/init.go:210.4,211.18 2 0
github.com/handcoding-labs/redis-stream-client-go/impl/init.go:211.18,213.5 1 0
github.com/handcoding-labs/redis-stream-client-go/impl/init.go:216.4,221.53 1 0
github.com/handcoding-labs/redis-stream-client-go/impl/init.go:221.53,223.6 1 0
github.com/handcoding-labs/redis-stream-client-go/impl/init.go:226.4,226.39 1 0
github.com/handcoding-labs/redis-stream-client-go/impl/init.go:226.39,228.5 1 0
github.com/handcoding-labs/redis-stream-client-go/impl/init.go:230.4,241.14 5 0
github.com/handcoding-labs/redis-stream-client-go/impl/init.go:241.14,242.85 1 0
github.com/handcoding-labs/redis-stream-client-go/impl/init.go:242.85,244.6 1 0
github.com/handcoding-labs/redis-stream-client-go/impl/init.go:249.2,249.12 1 0
github.com/handcoding-labs/redis-stream-client-go/impl/init.go:257.9,259.15 2 0
github.com/handcoding-labs/redis-stream-client-go/impl/init.go:259.15,260.22 1 0
github.com/handcoding-labs/redis-stream-client-go/impl/init.go:260.22,263.4 1 0
github.com/handcoding-labs/redis-stream-client-go/impl/init.go:266.3,267.17 2 0
github.com/handcoding-labs/redis-stream-client-go/impl/init.go:267.17,269.4 1 0
github.com/handcoding-labs/redis-stream-client-go/impl/init.go:272.2,272.6 1 0
github.com/handcoding-labs/redis-stream-client-go/impl/init.go:272.6,275.27 1 0
github.com/handcoding-labs/redis-stream-client-go/impl/init.go:275.27,278.4 2 0
github.com/handcoding-labs/redis-stream-client-go/impl/init.go:281.3,281.55 1 0
github.com/handcoding-labs/redis-stream-client-go/impl/init.go:281.55,284.4 2 0
github.com/handcoding-labs/redis-stream-client-go/impl/init.go:286.3,286.51 1 0
github.com/handcoding-labs/redis-stream-client-go/impl/init.go:286.51,289.4 2 0
github.com/handcoding-labs/redis-stream-client-go/impl/init.go:291.3,291.31 1 0
github.com/handcoding-labs/redis-stream-client-go/impl/init.go:295.71,296.6 1 0
github.com/handcoding-labs/redis-stream-client-go/impl/init.go:296.6,297.10 1 0
github.com/handcoding-labs/redis-stream-client-go/impl/init.go:298.21,300.10 2 0
github.com/handcoding-labs/redis-stream-client-go/impl/init.go:301.32,302.23 1 0
github.com/handcoding-labs/redis-stream-client-go/impl/init.go:302.23,305.19 3 0
github.com/handcoding-labs/redis-stream-client-go/impl/init.go:305.19,307.14 2 0
github.com/handcoding-labs/redis-stream-client-go/impl/init.go:311.5,313.80 3 0
github.com/handcoding-labs/redis-stream-client-go/impl/init.go:313.80,315.6 1 0
github.com/handcoding-labs/redis-stream-client-go/impl/init.go:316.5,318.95 2 0
github.com/handcoding-labs/redis-stream-client-go/impl/opts.go:31.39,37.2 1 0
github.com/handcoding-labs/redis-stream-client-go/impl/opts.go:40.40,41.24 1 0
github.com/handcoding-labs/redis-stream-client-go/impl/opts.go:41.24,43.3 1 0
github.com/handcoding-labs/redis-stream-client-go/impl/opts.go:44.2,44.31 1 0
github.com/handcoding-labs/redis-stream-client-go/impl/opts.go:44.31,46.3 1 0
github.com/handcoding-labs/redis-stream-client-go/impl/opts.go:47.2,47.27 1 0
github.com/handcoding-labs/redis-stream-client-go/impl/opts.go:47.27,49.3 1 0
github.com/handcoding-labs/redis-stream-client-go/impl/opts.go:50.2,50.45 1 0
github.com/handcoding-labs/redis-stream-client-go/impl/opts.go:50.45,52.3 1 0
github.com/handcoding-labs/redis-stream-client-go/impl/opts.go:53.2,53.12 1 0
github.com/handcoding-labs/redis-stream-client-go/impl/opts.go:57.69,58.53 1 0
github.com/handcoding-labs/redis-stream-client-go/impl/opts.go:58.53,60.51 1 0
github.com/handcoding-labs/redis-stream-client-go/impl/opts.go:60.51,62.4 1 0
github.com/handcoding-labs/redis-stream-client-go/impl/opts.go:64.3,65.13 2 0
github.com/handcoding-labs/redis-stream-client-go/impl/opts.go:70.61,71.53 1 0
github.com/handcoding-labs/redis-stream-client-go/impl/opts.go:71.53,72.17 1 0
github.com/handcoding-labs/redis-stream-client-go/impl/opts.go:72.17,74.4 1 0
github.com/handcoding-labs/redis-stream-client-go/impl/opts.go:76.3,77.13 2 0
github.com/handcoding-labs/redis-stream-client-go/impl/opts.go:83.55,84.53 1 0
github.com/handcoding-labs/redis-stream-client-go/impl/opts.go:84.53,85.16 1 0
github.com/handcoding-labs/redis-stream-client-go/impl/opts.go:85.16,87.4 1 0
github.com/handcoding-labs/redis-stream-client-go/impl/opts.go:89.3,90.13 2 0
github.com/handcoding-labs/redis-stream-client-go/impl/opts.go:96.71,97.53 1 0
github.com/handcoding-labs/redis-stream-client-go/impl/opts.go:97.53,98.28 1 0
github.com/handcoding-labs/redis-stream-client-go/impl/opts.go:98.28,100.4 1 0
github.com/handcoding-labs/redis-stream-client-go/impl/opts.go:102.3,103.13 2 0
github.com/handcoding-labs/redis-stream-client-go/impl/opts.go:109.55,110.53 1 0
github.com/handcoding-labs/redis-stream-client-go/impl/opts.go:110.53,113.3 2 0
github.com/handcoding-labs/redis-stream-client-go/impl/opts.go:118.58,119.53 1 0
github.com/handcoding-labs/redis-stream-client-go/impl/opts.go:119.53,120.16 1 0
github.com/handcoding-labs/redis-stream-client-go/impl/opts.go:120.16,122.4 1 0
github.com/handcoding-labs/redis-stream-client-go/impl/opts.go:124.3,125.13 2 0
github.com/handcoding-labs/redis-stream-client-go/impl/opts.go:130.65,131.53 1 0
github.com/handcoding-labs/redis-stream-client-go/impl/opts.go:131.53,132.43 1 0
github.com/handcoding-labs/redis-stream-client-go/impl/opts.go:132.43,134.4 1 0
github.com/handcoding-labs/redis-stream-client-go/impl/opts.go:136.3,139.13 4 0
github.com/handcoding-labs/redis-stream-client-go/impl/opts.go:144.61,145.53 1 0
github.com/handcoding-labs/redis-stream-client-go/impl/opts.go:145.53,148.3 2 0
github.com/handcoding-labs/redis-stream-client-go/impl/relredis.go:83.67,88.34 3 0
github.com/handcoding-labs/redis-stream-client-go/impl/relredis.go:88.34,90.3 1 0
github.com/handcoding-labs/redis-stream-client-go/impl/relredis.go:92.2,94.22 2 0
github.com/handcoding-labs/redis-stream-client-go/impl/relredis.go:94.22,96.3 1 0
github.com/handcoding-labs/redis-stream-client-go/impl/relredis.go:96.8,98.3 1 0
github.com/handcoding-labs/redis-stream-client-go/impl/relredis.go:100.2,122.27 4 0
github.com/handcoding-labs/redis-stream-client-go/impl/relredis.go:122.27,123.32 1 0
github.com/handcoding-labs/redis-stream-client-go/impl/relredis.go:123.32,125.4 1 0
github.com/handcoding-labs/redis-stream-client-go/impl/relredis.go:129.2,131.15 2 0
github.com/handcoding-labs/redis-stream-client-go/impl/relredis.go:135.52,137.2 1 0
github.com/handcoding-labs/redis-stream-client-go/impl/relredis.go:145.118,147.24 2 0
github.com/handcoding-labs/redis-stream-client-go/impl/relredis.go:147.24,149.3 1 0
github.com/handcoding-labs/redis-stream-client-go/impl/relredis.go:152.2,159.81 5 0
github.com/handcoding-labs/redis-stream-client-go/impl/relredis.go:159.81,161.3 1 0
github.com/handcoding-labs/redis-stream-client-go/impl/relredis.go:164.2,164.52 1 0
github.com/handcoding-labs/redis-stream-client-go/impl/relredis.go:164.52,166.3 1 0
github.com/handcoding-labs/redis-stream-client-go/impl/relredis.go:169.2,174.26 3 0
github.com/handcoding-labs/redis-stream-client-go/impl/relredis.go:178.97,191.34 3 0
github.com/handcoding-labs/redis-stream-client-go/impl/relredis.go:191.34,194.3 2 0
github.com/handcoding-labs/redis-stream-client-go/impl/relredis.go:196.2,197.16 2 0
github.com/handcoding-labs/redis-stream-client-go/impl/relredis.go:197.16,201.3 2 0
github.com/handcoding-labs/redis-stream-client-go/impl/relredis.go:203.2,203.23 1 0
github.com/handcoding-labs/redis-stream-client-go/impl/relredis.go:203.23,205.3 1 0
github.com/handcoding-labs/redis-stream-client-go/impl/relredis.go:207.2,212.51 1 0
github.com/handcoding-labs/redis-stream-client-go/impl/relredis.go:212.51,214.4 1 0
github.com/handcoding-labs/redis-stream-client-go/impl/relredis.go:217.2,217.37 1 0
github.com/handcoding-labs/redis-stream-client-go/impl/relredis.go:217.37,219.3 1 0
github.com/handcoding-labs/redis-stream-client-go/impl/relredis.go:222.2,223.22 2 0
github.com/handcoding-labs/redis-stream-client-go/impl/relredis.go:223.22,224.74 1 0
github.com/handcoding-labs/redis-stream-client-go/impl/relredis.go:224.74,226.75 2 0
github.com/handcoding-labs/redis-stream-client-go/impl/relredis.go:226.75,228.5 1 0
github.com/handcoding-labs/redis-stream-client-go/impl/relredis.go:232.2,232.12 1 0
github.com/handcoding-labs/redis-stream-client-go/impl/relredis.go:232.12,233.82 1 0
github.com/handcoding-labs/redis-stream-client-go/impl/relredis.go:233.82,235.4 1 0
github.com/handcoding-labs/redis-stream-client-go/impl/relredis.go:239.2,247.12 4 0
github.com/handcoding-labs/redis-stream-client-go/impl/relredis.go:254.101,256.16 2 0
github.com/handcoding-labs/redis-stream-client-go/impl/relredis.go:256.16,258.3 1 0
github.com/handcoding-labs/redis-stream-client-go/impl/relredis.go:261.2,262.81 2 0
github.com/handcoding-labs/redis-stream-client-go/impl/relredis.go:262.81,265.3 2 0
github.com/handcoding-labs/redis-stream-client-go/impl/relredis.go:268.2,269.22 2 0
github.com/handcoding-labs/redis-stream-client-go/impl/relredis.go:269.22,272.3 2 0
github.com/handcoding-labs/redis-stream-client-go/impl/relredis.go:275.2,276.22 2 0
github.com/handcoding-labs/redis-stream-client-go/impl/relredis.go:276.22,279.3 2 0
github.com/handcoding-labs/redis-stream-client-go/impl/relredis.go:281.2,281.12 1 0
github.com/handcoding-labs/redis-stream-client-go/impl/relredis.go:289.72,293.40 3 0
github.com/handcoding-labs/redis-stream-client-go/impl/relredis.go:293.40,295.3 1 0
github.com/handcoding-labs/redis-stream-client-go/impl/relredis.go:296.2,298.41 2 0
github.com/handcoding-labs/redis-stream-client-go/impl/relredis.go:298.41,299.55 1 0
github.com/handcoding-labs/redis-stream-client-go/impl/relredis.go:299.55,301.4 1 0
github.com/handcoding-labs/redis-stream-client-go/impl/relredis.go:305.2,305.36 1 0
github.com/handcoding-labs/redis-stream-client-go/impl/relredis.go:305.36,307.3 1 0
github.com/handcoding-labs/redis-stream-client-go/impl/relredis.go:309.2,309.12 1 0
github.com/handcoding-labs/redis-stream-client-go/types/errs/encodingerr.go:11.38,13.2 1 0
github.com/handcoding-labs/redis-stream-client-go/types/errs/encodingerr.go:20.55,22.2 1 0
github.com/handcoding-labs/redis-stream-client-go/types/errs/encodingerr.go:24.40,26.2 1 0
github.com/handcoding-labs/redis-stream-client-go/types/errs/encodingerr.go:28.40,30.2 1 0
github.com/handcoding-labs/redis-stream-client-go/types/errs/mutexerr.go:13.35,15.2 1 0
github.com/handcoding-labs/redis-stream-client-go/types/errs/mutexerr.go:23.49,25.2 1 0
github.com/handcoding-labs/redis-stream-client-go/types/errs/mutexerr.go:27.35,28.22 1 0
github.com/handcoding-labs/redis-stream-client-go/types/errs/mutexerr.go:28.22,30.3 1 0
github.com/handcoding-labs/redis-stream-client-go/types/errs/mutexerr.go:32.2,32.79 1 0
github.com/handcoding-labs/redis-stream-client-go/types/errs/mutexerr.go:35.36,37.2 1 0
github.com/handcoding-labs/redis-stream-client-go/types/errs/rediserr.go:19.35,21.2 1 0
github.com/handcoding-labs/redis-stream-client-go/types/errs/rediserr.go:28.49,30.2 1 0
github.com/handcoding-labs/redis-stream-client-go/types/errs/rediserr.go:32.35,34.2 1 0
github.com/handcoding-labs/redis-stream-client-go/types/errs/rediserr.go:36.36,38.2 1 0
github.com/handcoding-labs/redis-stream-client-go/test/capture_handler.go:13.78,15.2 1 3
github.com/handcoding-labs/redis-stream-client-go/test/capture_handler.go:17.80,20.2 2 3
github.com/handcoding-labs/redis-stream-client-go/test/capture_handler.go:22.68,24.2 1 0
github.com/handcoding-labs/redis-stream-client-go/test/capture_handler.go:26.62,28.2 1 0
